\BOOKMARK [1][-]{section.1}{Executive Summary}{}% 1
\BOOKMARK [1][-]{section.2}{Problem Statement}{}% 2
\BOOKMARK [1][-]{section.3}{Introduction \046 Background}{}% 3
\BOOKMARK [1][-]{section.4}{Deliverables to Client}{}% 4
\BOOKMARK [1][-]{section.5}{Design Objectives}{}% 5
\BOOKMARK [2][-]{subsection.5.1}{Interactive Display of Survey Geometry}{section.5}% 6
\BOOKMARK [2][-]{subsection.5.2}{Interactive Display of Seismograms}{section.5}% 7
\BOOKMARK [2][-]{subsection.5.3}{Simple Processing}{section.5}% 8
\BOOKMARK [2][-]{subsection.5.4}{Other Requirements}{section.5}% 9
\BOOKMARK [1][-]{section.6}{Decision-making \046 Assessment of Alternative Approaches}{}% 10
\BOOKMARK [1][-]{section.7}{Design Solution}{}% 11
\BOOKMARK [1][-]{section.8}{Implementation Plan}{}% 12
\BOOKMARK [2][-]{subsection.8.1}{Safety}{section.8}% 13
\BOOKMARK [2][-]{subsection.8.2}{Timeline}{section.8}% 14
\BOOKMARK [2][-]{subsection.8.3}{Division of Responsibility \046 Effort}{section.8}% 15
\BOOKMARK [2][-]{subsection.8.4}{Budget 1: Actual}{section.8}% 16
\BOOKMARK [2][-]{subsection.8.5}{Budget 2: Professional}{section.8}% 17
\BOOKMARK [1][-]{section.9}{Implementation}{}% 18
\BOOKMARK [2][-]{subsection.9.1}{Data Acquisition}{section.9}% 19
\BOOKMARK [2][-]{subsection.9.2}{Data Reduction, Analysis, Interpretation, Integration}{section.9}% 20
\BOOKMARK [2][-]{subsection.9.3}{Error Analysis}{section.9}% 21
\BOOKMARK [2][-]{subsection.9.4}{Results}{section.9}% 22
\BOOKMARK [2][-]{subsection.9.5}{Discussion and Conclusions}{section.9}% 23
\BOOKMARK [1][-]{section.10}{Recommendations for Future Work}{}% 24
\BOOKMARK [1][-]{section.11}{References}{}% 25
\BOOKMARK [1][-]{section.12}{Resumes}{}% 26
\BOOKMARK [1][-]{section.13}{Appendices}{}% 27
